/var/www/mayo-admin/welcome/scheduling-tasks/m-m-doctor.php
/var/www/mayo-admin/welcome/scheduling-tasks/ortho-m-doctor.php
/var/www/mayo-admin/welcome/scheduling-tasks/medical-record-request.php
/var/www/mayo-admin/welcome/scheduling-tasks/pain-management-case.php
/var/www/mayo-admin/welcome/scheduling-tasks/neurology-case.php
/var/www/mayo-admin/welcome/includes/forward-billing.php
/var/www/mayo-admin/welcome/classes/plantiffinformation.php
/var/www/mayo-admin/welcome/classes/plantiffinformation.php
/var/www/mayo-admin/welcome/classes/Cases.php
/var/www/mayo-admin/welcome-old/scheduling-tasks/general-surgery-case.php
/var/www/mayo-admin/welcome-old/scheduling-tasks/m-m-doctor.php
/var/www/mayo-admin/welcome-old/scheduling-tasks/ortho-m-doctor.php
/var/www/mayo-admin/welcome-old/scheduling-tasks/medical-record-request.php
/var/www/mayo-admin/welcome-old/scheduling-tasks/pain-management-case.php
/var/www/mayo-admin/welcome-old/scheduling-tasks/neurology-case.php
/var/www/mayo-admin/welcome-old/includes/forward-billing.php
/var/www/mayo-admin/welcome-old/classes/plantiffinformation.php
/var/www/mayo-admin/welcome-old/classes/plantiffinformation.php
/var/www/mayo-admin/welcome-old/classes/Cases.php
/var/www/case-manager/classes/meshed.php
/var/www/classes/functions.php
