./anesthesiologist/index.php:	$('#popupDatepicker').datepick({yearRange: '1920:2020',minDate: new Date(12-1, 25),dateFormat: 'dd-mm-yyyy'});
./attorney/pain-management/pain-management-step-2.php:						<input type="text" placeholder="dd-mm-yyyy" class="required_field" name="injury_date" id="injury_date"/>
./attorney/cases.php:	$('#popupDatepicker').datepick({yearRange: '1920:2020',minDate: new Date(12-1, 25),dateFormat: 'dd-mm-yyyy'});
./attorney/medical-records-request/medical-records-request-step-2.php:							$('#add_more_div').append('<div id="vikas"'+icount+'><div class="attorney_row"><div class="attorney_left"><label>Start Date of Service</label><input type="text" required="required" placeholder="dd-mm-yyyy" name="start_service[]" id="firm"/><span class="error"></span></div><div class="attorney_right"><label>End Date of Service</label><input type="text" placeholder="dd-mm-yyyy" required="required" name="end_service[]" id="frm_address" /><span class="error"></span></div></div><div class="attorney_row"><div class="attorney_left"><label>Facility or Physicians Name</label><input type="text" required="required" name="facility_physician_name[]" id="phone"/><span class="error"></span></div><div class="attorney_right"><label>Office No</label><input type="text" required="required" name="office_no[]" id="fax"/><span class="error"></span></div></div><div class="attorney_row"><label>Address</label><input type="text" required="required" name="address[]" id="frm_contact" /><span class="error"></span></div><div class="attorney_row"><div class="attorney_left"><label>State</label><input type="text" required="required" name="state[]" id="position"  /><span class="error"></span></div><div class="attorney_right"><label>City</label><input type="text" required="required" name="city[]" id="position"  /><span class="error"></span></div></div><div class="attorney_row"><div class="attorney_left"><label>Zip Code</label><input type="text" required="required" name="zip_code[]" id="contct_email" /><span class="error"></span></div><div class="attorney_right"><label>Notes- Type of Records to Order</label><input type="text" name="records_to_other[]" id="contct_email" /><span class="error"></span></div></div></div>');
./attorney/medical-records-request/medical-records-request-step-2.php:							<input type="text" required="required" placeholder="dd-mm-yyyy" name="start_service1" id="firm"/>
./attorney/medical-records-request/medical-records-request-step-2.php:							<input type="text" required="required" placeholder="dd-mm-yyyy" name="end_service1" id="frm_address" />
./attorney/ortho-form/ortho-step-2.php:						<input type="text" placeholder="dd-mm-yyyy" class="required_field" name="injury_date" id="injury_date"/>
./attorney/meshed-form/index.php:	$('#popupDatepicker').datepick({yearRange: '1920:2020',minDate: new Date(12-1, 25),dateFormat: 'dd-mm-yyyy'});
./doctors/index.php:	$('#popupDatepicker').datepick({yearRange: '1920:2020',minDate: new Date(12-1, 25),dateFormat: 'dd-mm-yyyy'});
./doctors/appointment-schedule.php:						 <div class="controls input-append date form_datetime" data-date="<?php echo date('d-mm-Y'); ?>T05:25:07Z" data-date-format="dd-mm-yyyy / HH:ii p" data-link-field="dtp_input1">
./doctors/appointment-schedule.php:						<div class="controls input-append date form_datetime" data-date="<?php echo date('d-mm-Y'); ?>T05:25:07Z" data-date-format="dd-mm-yyyy / HH:ii p" 
./doctors/appointments.php:						 <div class="controls input-append date form_datetime" data-date="<?php echo date('d-mm-Y'); ?>T05:25:07Z" data-date-format="dd-mm-yyyy / HH:ii p" data-link-field="dtp_input1">
./doctors/appointments.php:						<div class="controls input-append date form_datetime" data-date="<?php echo date('d-mm-Y'); ?>T05:25:07Z" data-date-format="dd-mm-yyyy / HH:ii p" 
./underwriter/index.php:	$('#popupDatepicker').datepick({yearRange: '1920:2020',minDate: new Date(12-1, 25),dateFormat: 'dd-mm-yyyy'});
./mayo-admin/welcome/includes/assign-proffessional.php:						 <div class="controls input-append date form_datetime" data-date="<?php echo date('d-mm-Y'); ?>T05:25:07Z" data-date-format="dd-mm-yyyy / HH:ii p" data-link-field="dtp_input1">
./mayo-admin/welcome/includes/assign-proffessional.php:						<div class="controls input-append date form_datetime" data-date="<?php echo date('d-mm-Y'); ?>T05:25:07Z" data-date-format="dd-mm-yyyy / HH:ii p" 
./mayo-admin/welcome/includes/assign-proffessional_backup.php:						 <div class="controls input-append date form_datetime" data-date="<?php echo date('d-mm-Y'); ?>T05:25:07Z" data-date-format="dd-mm-yyyy / HH:ii p" data-link-field="dtp_input1">
./mayo-admin/welcome/includes/assign-proffessional_backup.php:						<div class="controls input-append date form_datetime" data-date="<?php echo date('d-mm-Y'); ?>T05:25:07Z" data-date-format="dd-mm-yyyy / HH:ii p" 
./mayo-admin/welcome/includes/assign-proffessional_uuuu.php:						 <div class="controls input-append date form_datetime" data-date="<?php echo date('d-mm-Y'); ?>T05:25:07Z" data-date-format="dd-mm-yyyy / HH:ii p" data-link-field="dtp_input1">
./mayo-admin/welcome/includes/assign-proffessional_uuuu.php:						<div class="controls input-append date form_datetime" data-date="<?php echo date('d-mm-Y'); ?>T05:25:07Z" data-date-format="dd-mm-yyyy / HH:ii p" 
./case-manager/pain-management/pain-management-step-2.php:						<input type="text" placeholder="dd-mm-yyyy" class="required_field name="injury_date" id="injury_date"/>
./case-manager/cases.php:	$('#popupDatepicker').datepick({yearRange: '1920:2020',minDate: new Date(12-1, 25),dateFormat: 'dd-mm-yyyy'});
./case-manager/medical-records-request/medical-records-request-step-2.php:							$('#add_more_div').append('<div id="vikas"'+icount+'><div class="attorney_row"><div class="attorney_left"><label>Start Date of Service</label><input type="text" required="required" placeholder="dd-mm-yyyy" name="start_service[]" id="firm"/><span class="error"></span></div><div class="attorney_right"><label>End Date of Service</label><input type="text" placeholder="dd-mm-yyyy" required="required" name="end_service[]" id="frm_address" /><span class="error"></span></div></div><div class="attorney_row"><div class="attorney_left"><label>Facility or Physicians Name</label><input type="text" required="required" name="facility_physician_name[]" id="phone"/><span class="error"></span></div><div class="attorney_right"><label>Office No</label><input type="text" required="required" name="office_no[]" id="fax"/><span class="error"></span></div></div><div class="attorney_row"><label>Address</label><input type="text" required="required" name="address[]" id="frm_contact" /><span class="error"></span></div><div class="attorney_row"><div class="attorney_left"><label>State</label><input type="text" required="required" name="state[]" id="position"  /><span class="error"></span></div><div class="attorney_right"><label>City</label><input type="text" required="required" name="city[]" id="position"  /><span class="error"></span></div></div><div class="attorney_row"><div class="attorney_left"><label>Zip Code</label><input type="text" required="required" name="zip_code[]" id="contct_email" /><span class="error"></span></div><div class="attorney_right"><label>Notes- Type of Records to Order</label><input type="text" name="records_to_other[]" id="contct_email" /><span class="error"></span></div></div></div>');
./case-manager/medical-records-request/medical-records-request-step-2.php:							<input type="text" required="required" placeholder="dd-mm-yyyy" name="start_service1" id="firm"/>
./case-manager/medical-records-request/medical-records-request-step-2.php:							<input type="text" required="required" placeholder="dd-mm-yyyy" name="end_service1" id="frm_address" />
./case-manager/ortho-form/ortho-step-2.php:						<input type="text" placeholder="dd-mm-yyyy" class="required_field" name="injury_date" id="injury_date"/>
./medical-facility/index.php:	$('#popupDatepicker').datepick({yearRange: '1920:2020',minDate: new Date(12-1, 25),dateFormat: 'dd-mm-yyyy'});
